<?xml version="1.0" encoding="UTF-8"?>
<!-- Generated by org.testng.reporters.JUnitReportReporter -->
<testsuite hostname="IN-FRB1L13" failures="0" tests="6" name="tests.NavigationsTest" time="129.100" errors="0" timestamp="2022-12-01T13:45:57 IST" skipped="0">
  <testcase classname="tests.NavigationsTest" name="verify_grocery_link" time="21.298"/>
  <system-out/>
  <testcase classname="tests.NavigationsTest" name="verify_mobile_link" time="21.756"/>
  <system-out/>
  <testcase classname="tests.NavigationsTest" name="verify_appliance_link" time="21.831"/>
  <system-out/>
  <testcase classname="tests.NavigationsTest" name="verify_travel_link" time="21.287"/>
  <system-out/>
  <testcase classname="tests.NavigationsTest" name="verify_top_offers_link" time="21.177"/>
  <system-out/>
  <testcase classname="tests.NavigationsTest" name="verify_two_wheelers_link" time="21.751"/>
  <system-out/>
</testsuite> <!-- tests.NavigationsTest -->
