<?xml version="1.0" encoding="UTF-8"?>
<!-- Generated by org.testng.reporters.JUnitReportReporter -->
<testsuite hostname="IN-FRB1L13" failures="0" tests="2" name="tests.SearchTest" time="54.056" errors="0" timestamp="2022-12-03T14:55:24 IST" skipped="1">
  <testcase classname="tests.SearchTest" name="verify_product_search_using_click" time="0.006">
    <skipped/>
  </testcase> <!-- verify_product_search_using_click -->
  <system-out/>
  <testcase classname="tests.SearchTest" name="verify_product_search_using_click" time="54.050"/>
  <system-out/>
</testsuite> <!-- tests.SearchTest -->
