<?xml version="1.0" encoding="UTF-8"?>
<!-- Generated by org.testng.reporters.JUnitReportReporter -->
<testsuite hostname="IN-FRB1L13" failures="0" tests="4" name="tests.LoginTest" time="87.864" errors="0" timestamp="2022-12-01T13:45:57 IST" skipped="0">
  <testcase classname="tests.LoginTest" name="validate_login" time="21.852"/>
  <system-out/>
  <testcase classname="tests.LoginTest" name="validate_login" time="22.230"/>
  <system-out/>
  <testcase classname="tests.LoginTest" name="validate_login" time="21.454"/>
  <system-out/>
  <testcase classname="tests.LoginTest" name="validate_login" time="22.328"/>
  <system-out/>
</testsuite> <!-- tests.LoginTest -->
