<?xml version="1.0" encoding="UTF-8"?>
<!-- Generated by org.testng.reporters.JUnitReportReporter -->
<testsuite hostname="IN-FRB1L13" failures="0" tests="2" name="tests.SellerHubTest" time="31.374" errors="0" timestamp="2022-11-30T17:24:59 IST" skipped="0">
  <testcase classname="tests.SellerHubTest" name="verify_seller_hub_link" time="18.047"/>
  <system-out/>
  <testcase classname="tests.SellerHubTest" name="verify_spokeperson_name_on_sellerhub" time="13.327"/>
  <system-out/>
</testsuite> <!-- tests.SellerHubTest -->
