<?xml version="1.0" encoding="UTF-8"?>
<!-- Generated by org.testng.reporters.JUnitReportReporter -->
<testsuite hostname="IN-FRB1L13" failures="0" tests="4" name="tests.LoginTest" time="100.912" errors="0" timestamp="2022-11-30T18:21:43 IST" skipped="0">
  <testcase classname="tests.LoginTest" name="validate_login" time="36.149"/>
  <system-out/>
  <testcase classname="tests.LoginTest" name="validate_login" time="21.695"/>
  <system-out/>
  <testcase classname="tests.LoginTest" name="validate_login" time="21.449"/>
  <system-out/>
  <testcase classname="tests.LoginTest" name="validate_login" time="21.619"/>
  <system-out/>
</testsuite> <!-- tests.LoginTest -->
