<?xml version="1.0" encoding="UTF-8"?>
<!-- Generated by org.testng.reporters.JUnitReportReporter -->
<testsuite hostname="IN-FRB1L13" failures="0" tests="5" name="tests.SearchTest" time="57.164" errors="0" timestamp="2022-11-30T17:24:59 IST" skipped="0">
  <testcase classname="tests.SearchTest" name="verify_product_search_using_click" time="11.340"/>
  <system-out/>
  <testcase classname="tests.SearchTest" name="verify_product_search_using_click" time="11.475"/>
  <system-out/>
  <testcase classname="tests.SearchTest" name="verify_product_search_using_keyPress" time="11.371"/>
  <system-out/>
  <testcase classname="tests.SearchTest" name="verify_product_search_using_keyPress" time="11.710"/>
  <system-out/>
  <testcase classname="tests.SearchTest" name="verify_search_bar_placeholder" time="11.268"/>
  <system-out/>
</testsuite> <!-- tests.SearchTest -->
