<?xml version="1.0" encoding="UTF-8"?>
<!-- Generated by org.testng.reporters.JUnitReportReporter -->
<testsuite hostname="IN-FRB1L13" failures="0" tests="1" name="automation_fresher_training.Assignment3.CartTest" time="50.880" errors="0" timestamp="2022-08-19T22:43:19 IST" skipped="0">
  <testcase classname="automation_fresher_training.Assignment3.CartTest" name="add_item_to_cart" time="50.880"/>
  <system-out/>
</testsuite> <!-- automation_fresher_training.Assignment3.CartTest -->
