<?xml version="1.0" encoding="UTF-8"?>
<!-- Generated by org.testng.reporters.JUnitReportReporter -->
<testsuite hostname="IN-FRB1L13" failures="0" tests="4" name="tests.LoginTest" time="104.031" errors="0" timestamp="2022-12-03T15:05:21 IST" skipped="0">
  <testcase classname="tests.LoginTest" name="validate_login" time="23.180"/>
  <system-out/>
  <testcase classname="tests.LoginTest" name="validate_login" time="23.059"/>
  <system-out/>
  <testcase classname="tests.LoginTest" name="validate_login" time="34.687"/>
  <system-out/>
  <testcase classname="tests.LoginTest" name="validate_login" time="23.105"/>
  <system-out/>
</testsuite> <!-- tests.LoginTest -->
