<?xml version="1.0" encoding="UTF-8"?>
<!-- Generated by org.testng.reporters.JUnitReportReporter -->
<testsuite hostname="IN-FRB1L13" failures="0" tests="3" name="automation_fresher_training.Assignment3.LoginTest" time="40.478" errors="0" timestamp="2022-08-19T20:55:39 IST" skipped="0">
  <testcase classname="automation_fresher_training.Assignment3.LoginTest" name="validateLoginWithValidCredentials" time="12.721"/>
  <system-out/>
  <testcase classname="automation_fresher_training.Assignment3.LoginTest" name="validateLoginWithInValidCredentials" time="14.129"/>
  <system-out/>
  <testcase classname="automation_fresher_training.Assignment3.LoginTest" name="validateLoginWithBlankCredentials" time="13.628"/>
  <system-out/>
</testsuite> <!-- automation_fresher_training.Assignment3.LoginTest -->
