<?xml version="1.0" encoding="UTF-8"?>
<!-- Generated by org.testng.reporters.JUnitReportReporter -->
<testsuite hostname="IN-FRB1L13" failures="0" tests="1" name="automation_fresher_training.Assignment3.RegisterTest" time="12.376" errors="0" timestamp="2022-08-19T20:55:39 IST" skipped="0">
  <testcase classname="automation_fresher_training.Assignment3.RegisterTest" name="validateRegisteration" time="12.376"/>
  <system-out/>
</testsuite> <!-- automation_fresher_training.Assignment3.RegisterTest -->
