<?xml version="1.0" encoding="UTF-8"?>
<!-- Generated by org.testng.reporters.JUnitReportReporter -->
<testsuite hostname="IN-FRB1L13" failures="0" tests="2" name="tests.LogoTest" time="42.748" errors="0" timestamp="2022-12-01T13:45:57 IST" skipped="0">
  <testcase classname="tests.LogoTest" name="verify_logo_text" time="21.325"/>
  <system-out/>
  <testcase classname="tests.LogoTest" name="verify_flipkart_plus" time="21.423"/>
  <system-out/>
</testsuite> <!-- tests.LogoTest -->
