<?xml version="1.0" encoding="UTF-8"?>
<!-- Generated by org.testng.reporters.JUnitReportReporter -->
<testsuite hostname="IN-FRB1L13" failures="0" tests="1" name="tests.HelpCenterTest" time="34.089" errors="0" timestamp="2022-11-30T18:31:50 IST" skipped="0">
  <testcase classname="tests.HelpCenterTest" name="verify_help_center_link" time="34.089"/>
  <system-out/>
</testsuite> <!-- tests.HelpCenterTest -->
