<?xml version="1.0" encoding="UTF-8"?>
<!-- Generated by org.testng.reporters.JUnitReportReporter -->
<testsuite hostname="IN-FRB1L13" failures="0" tests="2" name="tests.LogoTest" time="22.181" errors="0" timestamp="2022-11-30T17:24:59 IST" skipped="0">
  <testcase classname="tests.LogoTest" name="verify_logo_text" time="11.004"/>
  <system-out/>
  <testcase classname="tests.LogoTest" name="verify_flipkart_plus" time="11.177"/>
  <system-out/>
</testsuite> <!-- tests.LogoTest -->
