<?xml version="1.0" encoding="UTF-8"?>
<!-- Generated by org.testng.reporters.JUnitReportReporter -->
<testsuite hostname="IN-FRB1L13" failures="0" tests="6" name="tests.NavigationsTest" time="67.735" errors="0" timestamp="2022-11-30T17:24:59 IST" skipped="0">
  <testcase classname="tests.NavigationsTest" name="verify_grocery_link" time="11.142"/>
  <system-out/>
  <testcase classname="tests.NavigationsTest" name="verify_mobile_link" time="11.472"/>
  <system-out/>
  <testcase classname="tests.NavigationsTest" name="verify_appliance_link" time="11.404"/>
  <system-out/>
  <testcase classname="tests.NavigationsTest" name="verify_travel_link" time="11.280"/>
  <system-out/>
  <testcase classname="tests.NavigationsTest" name="verify_top_offers_link" time="11.243"/>
  <system-out/>
  <testcase classname="tests.NavigationsTest" name="verify_two_wheelers_link" time="11.194"/>
  <system-out/>
</testsuite> <!-- tests.NavigationsTest -->
