<?xml version="1.0" encoding="UTF-8"?>
<!-- Generated by org.testng.reporters.JUnitReportReporter -->
<testsuite hostname="IN-FRB1L13" failures="0" tests="5" name="tests.SearchTest" time="110.313" errors="0" timestamp="2022-12-01T13:45:57 IST" skipped="0">
  <testcase classname="tests.SearchTest" name="verify_product_search_using_click" time="21.883"/>
  <system-out/>
  <testcase classname="tests.SearchTest" name="verify_product_search_using_click" time="22.136"/>
  <system-out/>
  <testcase classname="tests.SearchTest" name="verify_product_search_using_keyPress" time="21.938"/>
  <system-out/>
  <testcase classname="tests.SearchTest" name="verify_product_search_using_keyPress" time="22.458"/>
  <system-out/>
  <testcase classname="tests.SearchTest" name="verify_search_bar_placeholder" time="21.898"/>
  <system-out/>
</testsuite> <!-- tests.SearchTest -->
