<?xml version="1.0" encoding="UTF-8"?>
<!-- Generated by org.testng.reporters.JUnitReportReporter -->
<testsuite hostname="IN-FRB1L13" failures="0" tests="1" name="tests.ColorSchemeTest" time="11.408" errors="0" timestamp="2022-11-30T18:39:13 IST" skipped="0">
  <testcase classname="tests.ColorSchemeTest" name="verify_color_scheme" time="11.408"/>
  <system-out/>
</testsuite> <!-- tests.ColorSchemeTest -->
