<?xml version="1.0" encoding="UTF-8"?>
<!-- Generated by org.testng.reporters.JUnitReportReporter -->
<testsuite hostname="IN-FRB1L13" failures="0" tests="4" name="tests.LoginTest" time="75.734" errors="0" timestamp="2022-11-30T20:06:33 IST" skipped="0">
  <testcase classname="tests.LoginTest" name="validate_login" time="21.410"/>
  <system-out/>
  <testcase classname="tests.LoginTest" name="validate_login" time="11.559"/>
  <system-out/>
  <testcase classname="tests.LoginTest" name="validate_login" time="21.565"/>
  <system-out/>
  <testcase classname="tests.LoginTest" name="validate_login" time="21.200"/>
  <system-out/>
</testsuite> <!-- tests.LoginTest -->
