<?xml version="1.0" encoding="UTF-8"?>
<!-- Generated by org.testng.reporters.JUnitReportReporter -->
<testsuite hostname="IN-FRB1L13" failures="0" tests="2" name="tests.LogoTest" time="45.901" errors="0" timestamp="2022-12-03T15:54:52 IST" skipped="0">
  <testcase classname="tests.LogoTest" name="verify_logo_text" time="22.905"/>
  <system-out/>
  <testcase classname="tests.LogoTest" name="verify_flipkart_plus" time="22.996"/>
  <system-out/>
</testsuite> <!-- tests.LogoTest -->
