<?xml version="1.0" encoding="UTF-8"?>
<!-- Generated by org.testng.reporters.JUnitReportReporter -->
<testsuite hostname="IN-FRB1L13" failures="0" tests="2" name="tests.SellerHubTest" time="56.295" errors="0" timestamp="2022-12-03T15:54:52 IST" skipped="0">
  <testcase classname="tests.SellerHubTest" name="verify_spokeperson_name_on_sellerhub" time="25.486"/>
  <system-out/>
  <testcase classname="tests.SellerHubTest" name="verify_seller_hub_link" time="30.809"/>
  <system-out/>
</testsuite> <!-- tests.SellerHubTest -->
