<?xml version="1.0" encoding="UTF-8"?>
<!-- Generated by org.testng.reporters.JUnitReportReporter -->
<testsuite hostname="IN-FRB1L13" failures="0" tests="6" name="tests.NavigationsTest" time="76.122" errors="0" timestamp="2022-11-30T18:39:13 IST" skipped="0">
  <testcase classname="tests.NavigationsTest" name="verify_grocery_link" time="11.174"/>
  <system-out/>
  <testcase classname="tests.NavigationsTest" name="verify_mobile_link" time="11.204"/>
  <system-out/>
  <testcase classname="tests.NavigationsTest" name="verify_appliance_link" time="11.145"/>
  <system-out/>
  <testcase classname="tests.NavigationsTest" name="verify_travel_link" time="11.223"/>
  <system-out/>
  <testcase classname="tests.NavigationsTest" name="verify_top_offers_link" time="20.033"/>
  <system-out/>
  <testcase classname="tests.NavigationsTest" name="verify_two_wheelers_link" time="11.343"/>
  <system-out/>
</testsuite> <!-- tests.NavigationsTest -->
