<?xml version="1.0" encoding="UTF-8"?>
<!-- Generated by org.testng.reporters.JUnitReportReporter -->
<testsuite hostname="IN-FRB1L13" failures="0" tests="1" name="tests.BannerTest" time="39.895" errors="0" timestamp="2022-11-30T20:06:33 IST" skipped="0">
  <testcase classname="tests.BannerTest" name="verify_banner_width" time="39.895"/>
  <system-out/>
</testsuite> <!-- tests.BannerTest -->
