<?xml version="1.0" encoding="UTF-8"?>
<!-- Generated by org.testng.reporters.JUnitReportReporter -->
<testsuite hostname="IN-FRB1L13" failures="0" tests="1" name="tests.ColorSchemeTest" time="22.936" errors="0" timestamp="2022-12-03T15:54:52 IST" skipped="0">
  <testcase classname="tests.ColorSchemeTest" name="verify_color_scheme" time="22.936"/>
  <system-out/>
</testsuite> <!-- tests.ColorSchemeTest -->
