<?xml version="1.0" encoding="UTF-8"?>
<!-- Generated by org.testng.reporters.JUnitReportReporter -->
<testsuite hostname="IN-FRB1L13" failures="0" tests="1" name="automation_fresher_training.Assignment3.CartTest" time="46.914" errors="0" timestamp="2022-08-22T14:54:49 IST" skipped="0">
  <testcase classname="automation_fresher_training.Assignment3.CartTest" name="add_item_to_cart" time="46.914"/>
  <system-out/>
</testsuite> <!-- automation_fresher_training.Assignment3.CartTest -->
