<?xml version="1.0" encoding="UTF-8"?>
<!-- Generated by org.testng.reporters.JUnitReportReporter -->
<testsuite hostname="IN-FRB1L13" failures="0" tests="4" name="tests.LoginTest" time="76.123" errors="0" timestamp="2022-11-30T18:39:13 IST" skipped="0">
  <testcase classname="tests.LoginTest" name="validate_login" time="21.424"/>
  <system-out/>
  <testcase classname="tests.LoginTest" name="validate_login" time="11.742"/>
  <system-out/>
  <testcase classname="tests.LoginTest" name="validate_login" time="21.514"/>
  <system-out/>
  <testcase classname="tests.LoginTest" name="validate_login" time="21.443"/>
  <system-out/>
</testsuite> <!-- tests.LoginTest -->
