<?xml version="1.0" encoding="UTF-8"?>
<!-- Generated by org.testng.reporters.JUnitReportReporter -->
<testsuite hostname="IN-FRB1L13" failures="0" tests="2" name="tests.SellerHubTest" time="30.812" errors="0" timestamp="2022-11-30T18:39:13 IST" skipped="0">
  <testcase classname="tests.SellerHubTest" name="verify_seller_hub_link" time="16.748"/>
  <system-out/>
  <testcase classname="tests.SellerHubTest" name="verify_spokeperson_name_on_sellerhub" time="14.064"/>
  <system-out/>
</testsuite> <!-- tests.SellerHubTest -->
