<?xml version="1.0" encoding="UTF-8"?>
<!-- Generated by org.testng.reporters.JUnitReportReporter -->
<testsuite hostname="IN-FRB1L13" failures="0" tests="2" name="automation_fresher_training.Assignment3.SearchTest" time="26.887" errors="0" timestamp="2022-08-22T14:54:49 IST" skipped="0">
  <testcase classname="automation_fresher_training.Assignment3.SearchTest" name="search_mobile" time="14.185"/>
  <system-out/>
  <testcase classname="automation_fresher_training.Assignment3.SearchTest" name="search_using_keyboard" time="12.702"/>
  <system-out/>
</testsuite> <!-- automation_fresher_training.Assignment3.SearchTest -->
