<?xml version="1.0" encoding="UTF-8"?>
<!-- Generated by org.testng.reporters.JUnitReportReporter -->
<testsuite hostname="IN-FRB1L13" failures="0" tests="6" name="tests.NavigationsTest" time="67.427" errors="0" timestamp="2022-11-30T20:06:33 IST" skipped="0">
  <testcase classname="tests.NavigationsTest" name="verify_grocery_link" time="11.124"/>
  <system-out/>
  <testcase classname="tests.NavigationsTest" name="verify_mobile_link" time="11.302"/>
  <system-out/>
  <testcase classname="tests.NavigationsTest" name="verify_appliance_link" time="11.179"/>
  <system-out/>
  <testcase classname="tests.NavigationsTest" name="verify_travel_link" time="11.411"/>
  <system-out/>
  <testcase classname="tests.NavigationsTest" name="verify_top_offers_link" time="11.151"/>
  <system-out/>
  <testcase classname="tests.NavigationsTest" name="verify_two_wheelers_link" time="11.260"/>
  <system-out/>
</testsuite> <!-- tests.NavigationsTest -->
