<?xml version="1.0" encoding="UTF-8"?>
<!-- Generated by org.testng.reporters.JUnitReportReporter -->
<testsuite hostname="IN-FRB1L13" failures="0" tests="1" name="automation_fresher_training.Assignment3.NavigationTest" time="11.671" errors="0" timestamp="2022-08-22T14:54:49 IST" skipped="0">
  <testcase classname="automation_fresher_training.Assignment3.NavigationTest" name="testNavigations" time="11.671"/>
  <system-out/>
</testsuite> <!-- automation_fresher_training.Assignment3.NavigationTest -->
