<?xml version="1.0" encoding="UTF-8"?>
<!-- Generated by org.testng.reporters.JUnitReportReporter -->
<testsuite hostname="IN-FRB1L13" failures="0" tests="3" name="automation_fresher_training.Assignment3.LoginTest" time="45.624" errors="0" timestamp="2022-08-22T14:54:49 IST" skipped="0">
  <testcase classname="automation_fresher_training.Assignment3.LoginTest" name="validateLoginWithValidCredentials" time="14.923"/>
  <system-out/>
  <testcase classname="automation_fresher_training.Assignment3.LoginTest" name="validateLoginWithInValidCredentials" time="16.264"/>
  <system-out/>
  <testcase classname="automation_fresher_training.Assignment3.LoginTest" name="validateLoginWithBlankCredentials" time="14.437"/>
  <system-out/>
</testsuite> <!-- automation_fresher_training.Assignment3.LoginTest -->
