<?xml version="1.0" encoding="UTF-8"?>
<!-- Generated by org.testng.reporters.JUnitReportReporter -->
<testsuite hostname="IN-FRB1L13" failures="0" tests="6" name="tests.NavigationsTest" time="137.851" errors="0" timestamp="2022-12-03T15:54:52 IST" skipped="0">
  <testcase classname="tests.NavigationsTest" name="verify_grocery_link" time="22.959"/>
  <system-out/>
  <testcase classname="tests.NavigationsTest" name="verify_mobile_link" time="22.902"/>
  <system-out/>
  <testcase classname="tests.NavigationsTest" name="verify_appliance_link" time="23.057"/>
  <system-out/>
  <testcase classname="tests.NavigationsTest" name="verify_travel_link" time="22.961"/>
  <system-out/>
  <testcase classname="tests.NavigationsTest" name="verify_top_offers_link" time="23.006"/>
  <system-out/>
  <testcase classname="tests.NavigationsTest" name="verify_two_wheelers_link" time="22.966"/>
  <system-out/>
</testsuite> <!-- tests.NavigationsTest -->
