<?xml version="1.0" encoding="UTF-8"?>
<!-- Generated by org.testng.reporters.JUnitReportReporter -->
<testsuite hostname="IN-FRB1L13" failures="0" tests="5" name="tests.SearchTest" time="69.594" errors="0" timestamp="2022-12-03T15:54:52 IST" skipped="2">
  <testcase classname="tests.SearchTest" name="verify_product_search_using_click" time="23.142"/>
  <system-out/>
  <testcase classname="tests.SearchTest" name="verify_product_search_using_click" time="0.001">
    <skipped/>
  </testcase> <!-- verify_product_search_using_click -->
  <system-out/>
  <testcase classname="tests.SearchTest" name="verify_product_search_using_keyPress" time="0.004">
    <skipped/>
  </testcase> <!-- verify_product_search_using_keyPress -->
  <system-out/>
  <testcase classname="tests.SearchTest" name="verify_product_search_using_keyPress" time="23.498"/>
  <system-out/>
  <testcase classname="tests.SearchTest" name="verify_search_bar_placeholder" time="22.949"/>
  <system-out/>
</testsuite> <!-- tests.SearchTest -->
