<?xml version="1.0" encoding="UTF-8"?>
<!-- Generated by org.testng.reporters.JUnitReportReporter -->
<testsuite hostname="IN-FRB1L13" failures="0" tests="4" name="tests.LoginTest" time="92.936" errors="0" timestamp="2022-12-03T15:54:52 IST" skipped="0">
  <testcase classname="tests.LoginTest" name="validate_login" time="23.115"/>
  <system-out/>
  <testcase classname="tests.LoginTest" name="validate_login" time="23.134"/>
  <system-out/>
  <testcase classname="tests.LoginTest" name="validate_login" time="23.283"/>
  <system-out/>
  <testcase classname="tests.LoginTest" name="validate_login" time="23.404"/>
  <system-out/>
</testsuite> <!-- tests.LoginTest -->
